<?xml version="1.0" encoding="utf-8"?><testsuites><testsuite name="pytest" errors="0" failures="0" skipped="0" tests="79" time="185.670" timestamp="2026-04-11T14:01:45.573275+00:00" hostname="Ulas-MacBook-Air-2.local"><testcase classname="apps.map.tests.GetObstaclesInBboxTest" name="test_excludes_indoor_reports" time="3.602" /><testcase classname="apps.map.tests.GetObstaclesInBboxTest" name="test_excludes_passive_by_default" time="2.006" /><testcase classname="apps.map.tests.GetObstaclesInBboxTest" name="test_excludes_reports_outside_bbox" time="2.864" /><testcase classname="apps.map.tests.GetObstaclesInBboxTest" name="test_excludes_unverified_reports" time="2.011" /><testcase classname="apps.map.tests.GetObstaclesInBboxTest" name="test_includes_passive_when_flag_set" time="2.011" /><testcase classname="apps.map.tests.GetObstaclesInBboxTest" name="test_returns_verified_outdoor_reports_in_bbox" time="2.005" /><testcase classname="apps.map.tests.GetObstaclesInBboxTest" name="test_status_filter" time="3.021" /><testcase classname="apps.map.tests.GetObstacleDetailTest" name="test_returns_none_for_nonexistent" time="3.562" /><testcase classname="apps.map.tests.GetObstacleDetailTest" name="test_returns_none_for_unverified" time="2.737" /><testcase classname="apps.map.tests.GetObstacleDetailTest" name="test_returns_passive_report" time="3.198" /><testcase classname="apps.map.tests.GetObstacleDetailTest" name="test_returns_verified_report" time="2.886" /><testcase classname="apps.map.tests.ObstacleListViewTest" name="test_accessible_without_auth" time="3.765" /><testcase classname="apps.map.tests.ObstacleListViewTest" name="test_excludes_indoor_reports" time="2.049" /><testcase classname="apps.map.tests.ObstacleListViewTest" name="test_excludes_passive_by_default" time="2.143" /><testcase classname="apps.map.tests.ObstacleListViewTest" name="test_includes_passive_with_flag" time="2.459" /><testcase classname="apps.map.tests.ObstacleListViewTest" name="test_invalid_bbox_returns_400" time="1.632" /><testcase classname="apps.map.tests.ObstacleListViewTest" name="test_missing_bbox_returns_400" time="1.635" /><testcase classname="apps.map.tests.ObstacleListViewTest" name="test_response_fields" time="2.558" /><testcase classname="apps.map.tests.ObstacleListViewTest" name="test_returns_obstacles_and_total" time="2.895" /><testcase classname="apps.map.tests.ObstacleListViewTest" name="test_status_filter" time="2.662" /><testcase classname="apps.map.tests.ObstacleListViewTest" name="test_thumbnail_url_is_first_photo" time="2.673" /><testcase classname="apps.map.tests.ObstacleListViewTest" name="test_thumbnail_url_is_null_when_no_photos" time="2.522" /><testcase classname="apps.map.tests.ObstacleListViewTest" name="test_upvote_count_in_list" time="3.518" /><testcase classname="apps.map.tests.ObstacleDetailViewTest" name="test_accessible_without_auth" time="4.597" /><testcase classname="apps.map.tests.ObstacleDetailViewTest" name="test_location_shape" time="2.608" /><testcase classname="apps.map.tests.ObstacleDetailViewTest" name="test_nonexistent_returns_404" time="1.804" /><testcase classname="apps.map.tests.ObstacleDetailViewTest" name="test_photos_included" time="2.821" /><testcase classname="apps.map.tests.ObstacleDetailViewTest" name="test_returns_detail_fields" time="2.619" /><testcase classname="apps.map.tests.ObstacleDetailViewTest" name="test_status_history_included" time="3.018" /><testcase classname="apps.map.tests.ObstacleDetailViewTest" name="test_unverified_returns_404" time="2.006" /><testcase classname="apps.map.tests.ObstacleDetailViewTest" name="test_upvote_and_flag_count" time="3.609" /><testcase classname="apps.map.tests.SearchViewTest" name="test_accessible_without_auth" time="3.262" /><testcase classname="apps.map.tests.SearchViewTest" name="test_blank_query_returns_400" time="1.240" /><testcase classname="apps.map.tests.SearchViewTest" name="test_empty_query_returns_400" time="1.312" /><testcase classname="apps.map.tests.SearchViewTest" name="test_multiple_results" time="2.148" /><testcase classname="apps.map.tests.SearchViewTest" name="test_no_results_returns_empty_array" time="1.533" /><testcase classname="apps.map.tests.SearchViewTest" name="test_partial_match" time="2.149" /><testcase classname="apps.map.tests.SearchViewTest" name="test_response_fields" time="1.839" /><testcase classname="apps.map.tests.SearchViewTest" name="test_search_by_name" time="1.739" /><testcase classname="apps.map.tests.SearchViewTest" name="test_search_by_turkish_alias" time="2.212" /><testcase classname="apps.map.tests.SearchViewTest" name="test_search_is_case_insensitive" time="2.231" /><testcase classname="apps.reports.tests.CreateReportServiceTest" name="test_creates_report_in_db" time="3.945" /><testcase classname="apps.reports.tests.CreateReportServiceTest" name="test_photo_upload_and_db_record" time="3.175" /><testcase classname="apps.reports.tests.CreateReportServiceTest" name="test_rollback_on_upload_failure" time="3.986" /><testcase classname="apps.reports.tests.CreateReportServiceTest" name="test_title_generated_from_category" time="2.759" /><testcase classname="apps.reports.tests.ReportSerializerTest" name="test_category_optional" time="2.764" /><testcase classname="apps.reports.tests.ReportSerializerTest" name="test_description_optional" time="1.236" /><testcase classname="apps.reports.tests.ReportSerializerTest" name="test_invalid_context_choice" time="1.318" /><testcase classname="apps.reports.tests.ReportSerializerTest" name="test_missing_context" time="1.899" /><testcase classname="apps.reports.tests.ReportSerializerTest" name="test_missing_location" time="1.235" /><testcase classname="apps.reports.tests.ReportSerializerTest" name="test_photos_max_3" time="1.236" /><testcase classname="apps.reports.tests.ReportSerializerTest" name="test_photos_min_1" time="1.235" /><testcase classname="apps.reports.tests.ReportSerializerTest" name="test_photos_required" time="1.237" /><testcase classname="apps.reports.tests.ReportSerializerTest" name="test_valid_payload" time="2.254" /><testcase classname="apps.reports.tests.ReportCreateViewTest" name="test_create_report_returns_201" time="4.005" /><testcase classname="apps.reports.tests.ReportCreateViewTest" name="test_invalid_payload_returns_400" time="1.632" /><testcase classname="apps.reports.tests.ReportCreateViewTest" name="test_unauthenticated_returns_401" time="3.673" /><testcase classname="apps.routing.tests.CalculateRouteViewTest" name="test_accessible_without_auth" time="3.021" /><testcase classname="apps.routing.tests.CalculateRouteViewTest" name="test_distance_and_time" time="1.605" /><testcase classname="apps.routing.tests.CalculateRouteViewTest" name="test_guest_with_preferences" time="1.615" /><testcase classname="apps.routing.tests.CalculateRouteViewTest" name="test_indoor_reports_excluded" time="1.614" /><testcase classname="apps.routing.tests.CalculateRouteViewTest" name="test_missing_fields_returns_400" time="1.609" /><testcase classname="apps.routing.tests.CalculateRouteViewTest" name="test_no_obstacles_means_accessible" time="1.612" /><testcase classname="apps.routing.tests.CalculateRouteViewTest" name="test_passive_reports_excluded" time="1.612" /><testcase classname="apps.routing.tests.CalculateRouteViewTest" name="test_registered_user_uses_mobility_profile" time="2.227" /><testcase classname="apps.routing.tests.CalculateRouteViewTest" name="test_response_has_expected_fields" time="1.618" /><testcase classname="apps.routing.tests.CalculateRouteViewTest" name="test_route_returns_waypoints" time="1.628" /><testcase classname="apps.routing.tests.CalculateRouteViewTest" name="test_unverified_obstacle_generates_warning" time="1.623" /><testcase classname="apps.routing.tests.CalculateRouteViewTest" name="test_verified_obstacle_near_route_generates_warning" time="1.619" /><testcase classname="apps.routing.tests.CalculateRouteViewTest" name="test_waypoints_are_lat_lng" time="1.813" /><testcase classname="apps.routing.tests.CalculateRouteFailureTest" name="test_valhalla_failure_returns_400" time="3.163" /><testcase classname="apps.users.tests.RegisterViewTest" name="test_password_is_bcrypt_hashed" time="3.935" /><testcase classname="apps.users.tests.RegisterViewTest" name="test_register_duplicate_email" time="2.262" /><testcase classname="apps.users.tests.RegisterViewTest" name="test_register_invalid_email" time="1.228" /><testcase classname="apps.users.tests.RegisterViewTest" name="test_register_missing_email" time="1.233" /><testcase classname="apps.users.tests.RegisterViewTest" name="test_register_missing_password" time="1.464" /><testcase classname="apps.users.tests.RegisterViewTest" name="test_register_success" time="2.051" /><testcase classname="apps.users.tests.RegisterViewTest" name="test_register_with_mobility_profile" time="2.672" /><testcase classname="apps.users.tests.RegisterViewTest" name="test_register_without_mobility_profile" time="2.951" /></testsuite></testsuites>