<?xml version="1.0" encoding="utf-8"?><testsuites name="pytest tests"><testsuite name="pytest" errors="0" failures="0" skipped="0" tests="79" time="189.184" timestamp="2026-04-11T16:38:36.185543+00:00" hostname="Boras-MacBook-Air-2.local"><testcase classname="apps.map.tests.GetObstaclesInBboxTest" name="test_excludes_indoor_reports" time="4.020" /><testcase classname="apps.map.tests.GetObstaclesInBboxTest" name="test_excludes_passive_by_default" time="2.058" /><testcase classname="apps.map.tests.GetObstaclesInBboxTest" name="test_excludes_reports_outside_bbox" time="2.061" /><testcase classname="apps.map.tests.GetObstaclesInBboxTest" name="test_excludes_unverified_reports" time="2.076" /><testcase classname="apps.map.tests.GetObstaclesInBboxTest" name="test_includes_passive_when_flag_set" time="2.073" /><testcase classname="apps.map.tests.GetObstaclesInBboxTest" name="test_returns_verified_outdoor_reports_in_bbox" time="2.061" /><testcase classname="apps.map.tests.GetObstaclesInBboxTest" name="test_status_filter" time="3.114" /><testcase classname="apps.map.tests.GetObstacleDetailTest" name="test_returns_none_for_nonexistent" time="3.214" /><testcase classname="apps.map.tests.GetObstacleDetailTest" name="test_returns_none_for_unverified" time="1.998" /><testcase classname="apps.map.tests.GetObstacleDetailTest" name="test_returns_passive_report" time="2.592" /><testcase classname="apps.map.tests.GetObstacleDetailTest" name="test_returns_verified_report" time="2.808" /><testcase classname="apps.map.tests.ObstacleListViewTest" name="test_accessible_without_auth" time="4.584" /><testcase classname="apps.map.tests.ObstacleListViewTest" name="test_excludes_indoor_reports" time="2.358" /><testcase classname="apps.map.tests.ObstacleListViewTest" name="test_excludes_passive_by_default" time="2.250" /><testcase classname="apps.map.tests.ObstacleListViewTest" name="test_includes_passive_with_flag" time="2.967" /><testcase classname="apps.map.tests.ObstacleListViewTest" name="test_invalid_bbox_returns_400" time="1.842" /><testcase classname="apps.map.tests.ObstacleListViewTest" name="test_missing_bbox_returns_400" time="1.842" /><testcase classname="apps.map.tests.ObstacleListViewTest" name="test_response_fields" time="2.756" /><testcase classname="apps.map.tests.ObstacleListViewTest" name="test_returns_obstacles_and_total" time="2.766" /><testcase classname="apps.map.tests.ObstacleListViewTest" name="test_status_filter" time="2.961" /><testcase classname="apps.map.tests.ObstacleListViewTest" name="test_thumbnail_url_is_first_photo" time="3.274" /><testcase classname="apps.map.tests.ObstacleListViewTest" name="test_thumbnail_url_is_null_when_no_photos" time="2.661" /><testcase classname="apps.map.tests.ObstacleListViewTest" name="test_upvote_count_in_list" time="3.986" /><testcase classname="apps.map.tests.ObstacleDetailViewTest" name="test_accessible_without_auth" time="4.526" /><testcase classname="apps.map.tests.ObstacleDetailViewTest" name="test_location_shape" time="2.892" /><testcase classname="apps.map.tests.ObstacleDetailViewTest" name="test_nonexistent_returns_404" time="2.100" /><testcase classname="apps.map.tests.ObstacleDetailViewTest" name="test_photos_included" time="3.276" /><testcase classname="apps.map.tests.ObstacleDetailViewTest" name="test_returns_detail_fields" time="2.964" /><testcase classname="apps.map.tests.ObstacleDetailViewTest" name="test_status_history_included" time="3.231" /><testcase classname="apps.map.tests.ObstacleDetailViewTest" name="test_unverified_returns_404" time="2.190" /><testcase classname="apps.map.tests.ObstacleDetailViewTest" name="test_upvote_and_flag_count" time="3.939" /><testcase classname="apps.map.tests.SearchViewTest" name="test_accessible_without_auth" time="4.309" /><testcase classname="apps.map.tests.SearchViewTest" name="test_blank_query_returns_400" time="1.387" /><testcase classname="apps.map.tests.SearchViewTest" name="test_empty_query_returns_400" time="1.317" /><testcase classname="apps.map.tests.SearchViewTest" name="test_multiple_results" time="2.032" /><testcase classname="apps.map.tests.SearchViewTest" name="test_no_results_returns_empty_array" time="1.531" /><testcase classname="apps.map.tests.SearchViewTest" name="test_partial_match" time="1.712" /><testcase classname="apps.map.tests.SearchViewTest" name="test_response_fields" time="1.726" /><testcase classname="apps.map.tests.SearchViewTest" name="test_search_by_name" time="1.817" /><testcase classname="apps.map.tests.SearchViewTest" name="test_search_by_turkish_alias" time="1.876" /><testcase classname="apps.map.tests.SearchViewTest" name="test_search_is_case_insensitive" time="1.926" /><testcase classname="apps.reports.tests.CreateReportServiceTest" name="test_creates_report_in_db" time="3.649" /><testcase classname="apps.reports.tests.CreateReportServiceTest" name="test_photo_upload_and_db_record" time="2.841" /><testcase classname="apps.reports.tests.CreateReportServiceTest" name="test_rollback_on_upload_failure" time="3.251" /><testcase classname="apps.reports.tests.CreateReportServiceTest" name="test_title_generated_from_category" time="2.438" /><testcase classname="apps.reports.tests.ReportSerializerTest" name="test_category_optional" time="2.550" /><testcase classname="apps.reports.tests.ReportSerializerTest" name="test_description_optional" time="1.206" /><testcase classname="apps.reports.tests.ReportSerializerTest" name="test_invalid_context_choice" time="1.175" /><testcase classname="apps.reports.tests.ReportSerializerTest" name="test_missing_context" time="1.171" /><testcase classname="apps.reports.tests.ReportSerializerTest" name="test_missing_location" time="1.175" /><testcase classname="apps.reports.tests.ReportSerializerTest" name="test_photos_max_3" time="1.174" /><testcase classname="apps.reports.tests.ReportSerializerTest" name="test_photos_min_1" time="1.202" /><testcase classname="apps.reports.tests.ReportSerializerTest" name="test_photos_required" time="1.174" /><testcase classname="apps.reports.tests.ReportSerializerTest" name="test_valid_payload" time="1.371" /><testcase classname="apps.reports.tests.ReportCreateViewTest" name="test_create_report_returns_201" time="3.908" /><testcase classname="apps.reports.tests.ReportCreateViewTest" name="test_invalid_payload_returns_400" time="1.661" /><testcase classname="apps.reports.tests.ReportCreateViewTest" name="test_unauthenticated_returns_401" time="3.310" /><testcase classname="apps.routing.tests.CalculateRouteViewTest" name="test_accessible_without_auth" time="3.297" /><testcase classname="apps.routing.tests.CalculateRouteViewTest" name="test_distance_and_time" time="1.779" /><testcase classname="apps.routing.tests.CalculateRouteViewTest" name="test_guest_with_preferences" time="1.774" /><testcase classname="apps.routing.tests.CalculateRouteViewTest" name="test_indoor_reports_excluded" time="1.777" /><testcase classname="apps.routing.tests.CalculateRouteViewTest" name="test_missing_fields_returns_400" time="1.756" /><testcase classname="apps.routing.tests.CalculateRouteViewTest" name="test_no_obstacles_means_accessible" time="1.768" /><testcase classname="apps.routing.tests.CalculateRouteViewTest" name="test_passive_reports_excluded" time="1.773" /><testcase classname="apps.routing.tests.CalculateRouteViewTest" name="test_registered_user_uses_mobility_profile" time="2.462" /><testcase classname="apps.routing.tests.CalculateRouteViewTest" name="test_response_has_expected_fields" time="1.773" /><testcase classname="apps.routing.tests.CalculateRouteViewTest" name="test_route_returns_waypoints" time="1.778" /><testcase classname="apps.routing.tests.CalculateRouteViewTest" name="test_unverified_obstacle_generates_warning" time="1.779" /><testcase classname="apps.routing.tests.CalculateRouteViewTest" name="test_verified_obstacle_near_route_generates_warning" time="1.765" /><testcase classname="apps.routing.tests.CalculateRouteViewTest" name="test_waypoints_are_lat_lng" time="1.987" /><testcase classname="apps.routing.tests.CalculateRouteFailureTest" name="test_valhalla_failure_returns_400" time="3.211" /><testcase classname="apps.users.tests.RegisterViewTest" name="test_password_is_bcrypt_hashed" time="4.325" /><testcase classname="apps.users.tests.RegisterViewTest" name="test_register_duplicate_email" time="2.486" /><testcase classname="apps.users.tests.RegisterViewTest" name="test_register_invalid_email" time="1.319" /><testcase classname="apps.users.tests.RegisterViewTest" name="test_register_missing_email" time="1.325" /><testcase classname="apps.users.tests.RegisterViewTest" name="test_register_missing_password" time="1.545" /><testcase classname="apps.users.tests.RegisterViewTest" name="test_register_success" time="2.254" /><testcase classname="apps.users.tests.RegisterViewTest" name="test_register_with_mobility_profile" time="2.923" /><testcase classname="apps.users.tests.RegisterViewTest" name="test_register_without_mobility_profile" time="2.920" /></testsuite></testsuites>